Using pre-set license
Built from '2020.3/release' branch; Version is '2020.3.27f1 (e759542391ea) revision 15161684'; Using compiler version '192528614'; Build Type 'Release'
OS: 'Windows 10  (10.0.19044) 64bit Core' Language: 'ko' Physical Memory: 11929 MB
BatchMode: 1, IsHumanControllingUs: 0, StartBugReporterOnCrash: 0, Is64bit: 1, IsPro: 0

COMMAND LINE ARGUMENTS:
O:\Unity\2020.3.27f1\Editor\Unity.exe
-adb2
-batchMode
-noUpm
-name
AssetImportWorker1
-projectPath
O:/Unity/Projects/3D_Jump
-logFile
Logs/AssetImportWorker1.log
-srvPort
55460
Successfully changed project path to: O:/Unity/Projects/3D_Jump
O:/Unity/Projects/3D_Jump
Using Asset Import Pipeline V2.
